mode: atomic
github.com/julienstroheker/go-cosmosdb/pkg/gencosmosdb/cosmosdb/permission.go:63.76,68.2 1 0
github.com/julienstroheker/go-cosmosdb/pkg/gencosmosdb/cosmosdb/permission.go:70.97,73.6 2 0
github.com/julienstroheker/go-cosmosdb/pkg/gencosmosdb/cosmosdb/permission.go:87.2,87.28 1 0
github.com/julienstroheker/go-cosmosdb/pkg/gencosmosdb/cosmosdb/permission.go:73.6,75.17 2 0
github.com/julienstroheker/go-cosmosdb/pkg/gencosmosdb/cosmosdb/permission.go:78.3,78.25 1 0
github.com/julienstroheker/go-cosmosdb/pkg/gencosmosdb/cosmosdb/permission.go:82.3,84.94 3 0
github.com/julienstroheker/go-cosmosdb/pkg/gencosmosdb/cosmosdb/permission.go:75.17,77.4 1 0
github.com/julienstroheker/go-cosmosdb/pkg/gencosmosdb/cosmosdb/permission.go:78.25,79.9 1 0
github.com/julienstroheker/go-cosmosdb/pkg/gencosmosdb/cosmosdb/permission.go:90.119,93.2 2 0
github.com/julienstroheker/go-cosmosdb/pkg/gencosmosdb/cosmosdb/permission.go:95.54,97.2 1 0
github.com/julienstroheker/go-cosmosdb/pkg/gencosmosdb/cosmosdb/permission.go:99.79,101.2 1 0
github.com/julienstroheker/go-cosmosdb/pkg/gencosmosdb/cosmosdb/permission.go:103.110,106.2 2 0
github.com/julienstroheker/go-cosmosdb/pkg/gencosmosdb/cosmosdb/permission.go:108.86,109.27 1 0
github.com/julienstroheker/go-cosmosdb/pkg/gencosmosdb/cosmosdb/permission.go:112.2,114.169 3 0
github.com/julienstroheker/go-cosmosdb/pkg/gencosmosdb/cosmosdb/permission.go:109.27,111.3 1 0
github.com/julienstroheker/go-cosmosdb/pkg/gencosmosdb/cosmosdb/permission.go:117.120,120.2 2 0
github.com/julienstroheker/go-cosmosdb/pkg/gencosmosdb/cosmosdb/permission.go:122.98,123.12 1 0
github.com/julienstroheker/go-cosmosdb/pkg/gencosmosdb/cosmosdb/permission.go:127.2,128.26 2 0
github.com/julienstroheker/go-cosmosdb/pkg/gencosmosdb/cosmosdb/permission.go:132.2,133.16 2 0
github.com/julienstroheker/go-cosmosdb/pkg/gencosmosdb/cosmosdb/permission.go:137.2,140.8 3 0
github.com/julienstroheker/go-cosmosdb/pkg/gencosmosdb/cosmosdb/permission.go:123.12,125.3 1 0
github.com/julienstroheker/go-cosmosdb/pkg/gencosmosdb/cosmosdb/permission.go:128.26,130.3 1 0
github.com/julienstroheker/go-cosmosdb/pkg/gencosmosdb/cosmosdb/permission.go:133.16,135.3 1 0
github.com/julienstroheker/go-cosmosdb/pkg/gencosmosdb/cosmosdb/storedprocedure.go:54.92,59.2 1 0
github.com/julienstroheker/go-cosmosdb/pkg/gencosmosdb/cosmosdb/storedprocedure.go:61.112,64.6 2 0
github.com/julienstroheker/go-cosmosdb/pkg/gencosmosdb/cosmosdb/storedprocedure.go:78.2,78.33 1 0
github.com/julienstroheker/go-cosmosdb/pkg/gencosmosdb/cosmosdb/storedprocedure.go:64.6,66.17 2 0
github.com/julienstroheker/go-cosmosdb/pkg/gencosmosdb/cosmosdb/storedprocedure.go:69.3,69.30 1 0
github.com/julienstroheker/go-cosmosdb/pkg/gencosmosdb/cosmosdb/storedprocedure.go:73.3,75.124 3 0
github.com/julienstroheker/go-cosmosdb/pkg/gencosmosdb/cosmosdb/storedprocedure.go:66.17,68.4 1 0
github.com/julienstroheker/go-cosmosdb/pkg/gencosmosdb/cosmosdb/storedprocedure.go:69.30,70.9 1 0
github.com/julienstroheker/go-cosmosdb/pkg/gencosmosdb/cosmosdb/storedprocedure.go:81.144,84.2 2 0
github.com/julienstroheker/go-cosmosdb/pkg/gencosmosdb/cosmosdb/storedprocedure.go:86.64,88.2 1 0
github.com/julienstroheker/go-cosmosdb/pkg/gencosmosdb/cosmosdb/storedprocedure.go:90.89,92.2 1 0
github.com/julienstroheker/go-cosmosdb/pkg/gencosmosdb/cosmosdb/storedprocedure.go:94.130,97.2 2 0
github.com/julienstroheker/go-cosmosdb/pkg/gencosmosdb/cosmosdb/storedprocedure.go:99.101,100.32 1 0
github.com/julienstroheker/go-cosmosdb/pkg/gencosmosdb/cosmosdb/storedprocedure.go:103.2,105.164 3 0
github.com/julienstroheker/go-cosmosdb/pkg/gencosmosdb/cosmosdb/storedprocedure.go:100.32,102.3 1 0
github.com/julienstroheker/go-cosmosdb/pkg/gencosmosdb/cosmosdb/storedprocedure.go:108.145,111.2 2 0
github.com/julienstroheker/go-cosmosdb/pkg/gencosmosdb/cosmosdb/storedprocedure.go:113.113,114.12 1 0
github.com/julienstroheker/go-cosmosdb/pkg/gencosmosdb/cosmosdb/storedprocedure.go:118.2,119.26 2 0
github.com/julienstroheker/go-cosmosdb/pkg/gencosmosdb/cosmosdb/storedprocedure.go:123.2,124.16 2 0
github.com/julienstroheker/go-cosmosdb/pkg/gencosmosdb/cosmosdb/storedprocedure.go:128.2,131.8 3 0
github.com/julienstroheker/go-cosmosdb/pkg/gencosmosdb/cosmosdb/storedprocedure.go:114.12,116.3 1 0
github.com/julienstroheker/go-cosmosdb/pkg/gencosmosdb/cosmosdb/storedprocedure.go:119.26,121.3 1 0
github.com/julienstroheker/go-cosmosdb/pkg/gencosmosdb/cosmosdb/storedprocedure.go:124.16,126.3 1 0
github.com/julienstroheker/go-cosmosdb/pkg/gencosmosdb/cosmosdb/trigger.go:74.76,79.2 1 0
github.com/julienstroheker/go-cosmosdb/pkg/gencosmosdb/cosmosdb/trigger.go:81.88,84.6 2 0
github.com/julienstroheker/go-cosmosdb/pkg/gencosmosdb/cosmosdb/trigger.go:98.2,98.25 1 0
github.com/julienstroheker/go-cosmosdb/pkg/gencosmosdb/cosmosdb/trigger.go:84.6,86.17 2 0
github.com/julienstroheker/go-cosmosdb/pkg/gencosmosdb/cosmosdb/trigger.go:89.3,89.22 1 0
github.com/julienstroheker/go-cosmosdb/pkg/gencosmosdb/cosmosdb/trigger.go:93.3,95.76 3 0
github.com/julienstroheker/go-cosmosdb/pkg/gencosmosdb/cosmosdb/trigger.go:86.17,88.4 1 0
github.com/julienstroheker/go-cosmosdb/pkg/gencosmosdb/cosmosdb/trigger.go:89.22,90.9 1 0
github.com/julienstroheker/go-cosmosdb/pkg/gencosmosdb/cosmosdb/trigger.go:101.104,104.2 2 0
github.com/julienstroheker/go-cosmosdb/pkg/gencosmosdb/cosmosdb/trigger.go:106.48,108.2 1 0
github.com/julienstroheker/go-cosmosdb/pkg/gencosmosdb/cosmosdb/trigger.go:110.73,112.2 1 0
github.com/julienstroheker/go-cosmosdb/pkg/gencosmosdb/cosmosdb/trigger.go:114.98,117.2 2 0
github.com/julienstroheker/go-cosmosdb/pkg/gencosmosdb/cosmosdb/trigger.go:119.77,120.24 1 0
github.com/julienstroheker/go-cosmosdb/pkg/gencosmosdb/cosmosdb/trigger.go:123.2,125.154 3 0
github.com/julienstroheker/go-cosmosdb/pkg/gencosmosdb/cosmosdb/trigger.go:120.24,122.3 1 0
github.com/julienstroheker/go-cosmosdb/pkg/gencosmosdb/cosmosdb/trigger.go:128.105,131.2 2 0
github.com/julienstroheker/go-cosmosdb/pkg/gencosmosdb/cosmosdb/trigger.go:133.89,134.12 1 0
github.com/julienstroheker/go-cosmosdb/pkg/gencosmosdb/cosmosdb/trigger.go:138.2,139.26 2 0
github.com/julienstroheker/go-cosmosdb/pkg/gencosmosdb/cosmosdb/trigger.go:143.2,144.16 2 0
github.com/julienstroheker/go-cosmosdb/pkg/gencosmosdb/cosmosdb/trigger.go:148.2,151.8 3 0
github.com/julienstroheker/go-cosmosdb/pkg/gencosmosdb/cosmosdb/trigger.go:134.12,136.3 1 0
github.com/julienstroheker/go-cosmosdb/pkg/gencosmosdb/cosmosdb/trigger.go:139.26,141.3 1 0
github.com/julienstroheker/go-cosmosdb/pkg/gencosmosdb/cosmosdb/trigger.go:144.16,146.3 1 0
github.com/julienstroheker/go-cosmosdb/pkg/gencosmosdb/cosmosdb/user.go:52.62,57.2 1 0
github.com/julienstroheker/go-cosmosdb/pkg/gencosmosdb/cosmosdb/user.go:59.79,62.6 2 0
github.com/julienstroheker/go-cosmosdb/pkg/gencosmosdb/cosmosdb/user.go:76.2,76.22 1 0
github.com/julienstroheker/go-cosmosdb/pkg/gencosmosdb/cosmosdb/user.go:62.6,64.17 2 0
github.com/julienstroheker/go-cosmosdb/pkg/gencosmosdb/cosmosdb/user.go:67.3,67.19 1 0
github.com/julienstroheker/go-cosmosdb/pkg/gencosmosdb/cosmosdb/user.go:71.3,73.58 3 0
github.com/julienstroheker/go-cosmosdb/pkg/gencosmosdb/cosmosdb/user.go:64.17,66.4 1 0
github.com/julienstroheker/go-cosmosdb/pkg/gencosmosdb/cosmosdb/user.go:67.19,68.9 1 0
github.com/julienstroheker/go-cosmosdb/pkg/gencosmosdb/cosmosdb/user.go:79.89,82.2 2 0
github.com/julienstroheker/go-cosmosdb/pkg/gencosmosdb/cosmosdb/user.go:84.42,86.2 1 0
github.com/julienstroheker/go-cosmosdb/pkg/gencosmosdb/cosmosdb/user.go:88.67,90.2 1 0
github.com/julienstroheker/go-cosmosdb/pkg/gencosmosdb/cosmosdb/user.go:92.86,95.2 2 0
github.com/julienstroheker/go-cosmosdb/pkg/gencosmosdb/cosmosdb/user.go:97.68,98.21 1 0
github.com/julienstroheker/go-cosmosdb/pkg/gencosmosdb/cosmosdb/user.go:101.2,103.139 3 0
github.com/julienstroheker/go-cosmosdb/pkg/gencosmosdb/cosmosdb/user.go:98.21,100.3 1 0
github.com/julienstroheker/go-cosmosdb/pkg/gencosmosdb/cosmosdb/user.go:106.90,109.2 2 0
github.com/julienstroheker/go-cosmosdb/pkg/gencosmosdb/cosmosdb/user.go:111.80,112.12 1 0
github.com/julienstroheker/go-cosmosdb/pkg/gencosmosdb/cosmosdb/user.go:116.2,117.26 2 0
github.com/julienstroheker/go-cosmosdb/pkg/gencosmosdb/cosmosdb/user.go:121.2,122.16 2 0
github.com/julienstroheker/go-cosmosdb/pkg/gencosmosdb/cosmosdb/user.go:126.2,129.8 3 0
github.com/julienstroheker/go-cosmosdb/pkg/gencosmosdb/cosmosdb/user.go:112.12,114.3 1 0
github.com/julienstroheker/go-cosmosdb/pkg/gencosmosdb/cosmosdb/user.go:117.26,119.3 1 0
github.com/julienstroheker/go-cosmosdb/pkg/gencosmosdb/cosmosdb/user.go:122.16,124.3 1 0
github.com/julienstroheker/go-cosmosdb/pkg/gencosmosdb/cosmosdb/authorizer.go:25.122,35.2 6 0
github.com/julienstroheker/go-cosmosdb/pkg/gencosmosdb/cosmosdb/authorizer.go:37.67,39.16 2 0
github.com/julienstroheker/go-cosmosdb/pkg/gencosmosdb/cosmosdb/authorizer.go:43.2,43.48 1 0
github.com/julienstroheker/go-cosmosdb/pkg/gencosmosdb/cosmosdb/authorizer.go:39.16,41.3 1 0
github.com/julienstroheker/go-cosmosdb/pkg/gencosmosdb/cosmosdb/authorizer.go:50.118,54.2 2 0
github.com/julienstroheker/go-cosmosdb/pkg/gencosmosdb/cosmosdb/authorizer.go:56.50,58.2 1 0
github.com/julienstroheker/go-cosmosdb/pkg/gencosmosdb/cosmosdb/authorizer.go:65.121,67.16 2 0
github.com/julienstroheker/go-cosmosdb/pkg/gencosmosdb/cosmosdb/authorizer.go:70.2,75.12 4 0
github.com/julienstroheker/go-cosmosdb/pkg/gencosmosdb/cosmosdb/authorizer.go:67.16,69.3 1 0
github.com/julienstroheker/go-cosmosdb/pkg/gencosmosdb/cosmosdb/authorizer.go:78.74,80.2 1 0
github.com/julienstroheker/go-cosmosdb/pkg/gencosmosdb/cosmosdb/authorizer.go:83.97,85.16 2 0
github.com/julienstroheker/go-cosmosdb/pkg/gencosmosdb/cosmosdb/authorizer.go:88.2,89.24 2 0
github.com/julienstroheker/go-cosmosdb/pkg/gencosmosdb/cosmosdb/authorizer.go:85.16,87.3 1 0
github.com/julienstroheker/go-cosmosdb/pkg/gencosmosdb/cosmosdb/collection.go:220.74,225.2 1 0
github.com/julienstroheker/go-cosmosdb/pkg/gencosmosdb/cosmosdb/collection.go:227.97,230.6 2 0
github.com/julienstroheker/go-cosmosdb/pkg/gencosmosdb/cosmosdb/collection.go:244.2,244.22 1 0
github.com/julienstroheker/go-cosmosdb/pkg/gencosmosdb/cosmosdb/collection.go:230.6,232.17 2 0
github.com/julienstroheker/go-cosmosdb/pkg/gencosmosdb/cosmosdb/collection.go:235.3,235.19 1 0
github.com/julienstroheker/go-cosmosdb/pkg/gencosmosdb/cosmosdb/collection.go:239.3,241.76 3 0
github.com/julienstroheker/go-cosmosdb/pkg/gencosmosdb/cosmosdb/collection.go:232.17,234.4 1 0
github.com/julienstroheker/go-cosmosdb/pkg/gencosmosdb/cosmosdb/collection.go:235.19,236.9 1 0
github.com/julienstroheker/go-cosmosdb/pkg/gencosmosdb/cosmosdb/collection.go:247.107,250.2 2 0
github.com/julienstroheker/go-cosmosdb/pkg/gencosmosdb/cosmosdb/collection.go:252.54,254.2 1 0
github.com/julienstroheker/go-cosmosdb/pkg/gencosmosdb/cosmosdb/collection.go:256.79,258.2 1 0
github.com/julienstroheker/go-cosmosdb/pkg/gencosmosdb/cosmosdb/collection.go:260.98,263.2 2 0
github.com/julienstroheker/go-cosmosdb/pkg/gencosmosdb/cosmosdb/collection.go:265.80,266.21 1 0
github.com/julienstroheker/go-cosmosdb/pkg/gencosmosdb/cosmosdb/collection.go:269.2,271.139 3 0
github.com/julienstroheker/go-cosmosdb/pkg/gencosmosdb/cosmosdb/collection.go:266.21,268.3 1 0
github.com/julienstroheker/go-cosmosdb/pkg/gencosmosdb/cosmosdb/collection.go:274.108,277.2 2 0
github.com/julienstroheker/go-cosmosdb/pkg/gencosmosdb/cosmosdb/collection.go:279.121,282.2 2 0
github.com/julienstroheker/go-cosmosdb/pkg/gencosmosdb/cosmosdb/collection.go:284.92,285.12 1 0
github.com/julienstroheker/go-cosmosdb/pkg/gencosmosdb/cosmosdb/collection.go:289.2,290.26 2 0
github.com/julienstroheker/go-cosmosdb/pkg/gencosmosdb/cosmosdb/collection.go:294.2,295.16 2 0
github.com/julienstroheker/go-cosmosdb/pkg/gencosmosdb/cosmosdb/collection.go:299.2,302.8 3 0
github.com/julienstroheker/go-cosmosdb/pkg/gencosmosdb/cosmosdb/collection.go:285.12,287.3 1 0
github.com/julienstroheker/go-cosmosdb/pkg/gencosmosdb/cosmosdb/collection.go:290.26,292.3 1 0
github.com/julienstroheker/go-cosmosdb/pkg/gencosmosdb/cosmosdb/collection.go:295.16,297.3 1 0
github.com/julienstroheker/go-cosmosdb/pkg/gencosmosdb/cosmosdb/cosmosdb.go:33.32,35.2 1 5
github.com/julienstroheker/go-cosmosdb/pkg/gencosmosdb/cosmosdb/cosmosdb.go:39.56,40.33 1 17
github.com/julienstroheker/go-cosmosdb/pkg/gencosmosdb/cosmosdb/cosmosdb.go:43.2,43.14 1 0
github.com/julienstroheker/go-cosmosdb/pkg/gencosmosdb/cosmosdb/cosmosdb.go:40.33,42.3 1 17
github.com/julienstroheker/go-cosmosdb/pkg/gencosmosdb/cosmosdb/cosmosdb.go:48.63,49.33 1 14
github.com/julienstroheker/go-cosmosdb/pkg/gencosmosdb/cosmosdb/cosmosdb.go:52.2,52.14 1 0
github.com/julienstroheker/go-cosmosdb/pkg/gencosmosdb/cosmosdb/cosmosdb.go:49.33,51.3 1 14
github.com/julienstroheker/go-cosmosdb/pkg/gencosmosdb/cosmosdb/cosmosdb.go:64.60,66.2 1 0
github.com/julienstroheker/go-cosmosdb/pkg/gencosmosdb/cosmosdb/cosmosdb.go:69.98,70.25 1 5
github.com/julienstroheker/go-cosmosdb/pkg/gencosmosdb/cosmosdb/cosmosdb.go:88.2,88.8 1 0
github.com/julienstroheker/go-cosmosdb/pkg/gencosmosdb/cosmosdb/cosmosdb.go:70.25,72.42 2 17
github.com/julienstroheker/go-cosmosdb/pkg/gencosmosdb/cosmosdb/cosmosdb.go:86.3,86.54 1 12
github.com/julienstroheker/go-cosmosdb/pkg/gencosmosdb/cosmosdb/cosmosdb.go:72.42,74.29 2 13
github.com/julienstroheker/go-cosmosdb/pkg/gencosmosdb/cosmosdb/cosmosdb.go:82.4,82.28 1 13
github.com/julienstroheker/go-cosmosdb/pkg/gencosmosdb/cosmosdb/cosmosdb.go:74.29,75.37 1 11
github.com/julienstroheker/go-cosmosdb/pkg/gencosmosdb/cosmosdb/cosmosdb.go:75.37,76.40 1 14
github.com/julienstroheker/go-cosmosdb/pkg/gencosmosdb/cosmosdb/cosmosdb.go:76.40,78.12 2 8
github.com/julienstroheker/go-cosmosdb/pkg/gencosmosdb/cosmosdb/cosmosdb.go:82.28,84.5 1 5
github.com/julienstroheker/go-cosmosdb/pkg/gencosmosdb/cosmosdb/cosmosdb.go:91.171,95.48 3 0
github.com/julienstroheker/go-cosmosdb/pkg/gencosmosdb/cosmosdb/cosmosdb.go:111.2,111.35 1 0
github.com/julienstroheker/go-cosmosdb/pkg/gencosmosdb/cosmosdb/cosmosdb.go:120.2,120.12 1 0
github.com/julienstroheker/go-cosmosdb/pkg/gencosmosdb/cosmosdb/cosmosdb.go:95.48,97.58 2 0
github.com/julienstroheker/go-cosmosdb/pkg/gencosmosdb/cosmosdb/cosmosdb.go:101.3,104.18 3 0
github.com/julienstroheker/go-cosmosdb/pkg/gencosmosdb/cosmosdb/cosmosdb.go:108.3,108.51 1 0
github.com/julienstroheker/go-cosmosdb/pkg/gencosmosdb/cosmosdb/cosmosdb.go:97.58,98.9 1 0
github.com/julienstroheker/go-cosmosdb/pkg/gencosmosdb/cosmosdb/cosmosdb.go:104.18,106.4 1 0
github.com/julienstroheker/go-cosmosdb/pkg/gencosmosdb/cosmosdb/cosmosdb.go:111.35,112.26 1 0
github.com/julienstroheker/go-cosmosdb/pkg/gencosmosdb/cosmosdb/cosmosdb.go:115.3,115.33 1 0
github.com/julienstroheker/go-cosmosdb/pkg/gencosmosdb/cosmosdb/cosmosdb.go:112.26,114.4 1 0
github.com/julienstroheker/go-cosmosdb/pkg/gencosmosdb/cosmosdb/cosmosdb.go:115.33,117.4 1 0
github.com/julienstroheker/go-cosmosdb/pkg/gencosmosdb/cosmosdb/cosmosdb.go:123.190,125.16 2 0
github.com/julienstroheker/go-cosmosdb/pkg/gencosmosdb/cosmosdb/cosmosdb.go:129.2,129.15 1 0
github.com/julienstroheker/go-cosmosdb/pkg/gencosmosdb/cosmosdb/cosmosdb.go:139.2,139.28 1 0
github.com/julienstroheker/go-cosmosdb/pkg/gencosmosdb/cosmosdb/cosmosdb.go:143.2,146.25 3 0
github.com/julienstroheker/go-cosmosdb/pkg/gencosmosdb/cosmosdb/cosmosdb.go:149.2,150.16 2 0
github.com/julienstroheker/go-cosmosdb/pkg/gencosmosdb/cosmosdb/cosmosdb.go:154.2,155.16 2 0
github.com/julienstroheker/go-cosmosdb/pkg/gencosmosdb/cosmosdb/cosmosdb.go:158.2,158.15 1 0
github.com/julienstroheker/go-cosmosdb/pkg/gencosmosdb/cosmosdb/cosmosdb.go:163.2,165.43 2 0
github.com/julienstroheker/go-cosmosdb/pkg/gencosmosdb/cosmosdb/cosmosdb.go:174.2,174.73 1 0
github.com/julienstroheker/go-cosmosdb/pkg/gencosmosdb/cosmosdb/cosmosdb.go:178.2,178.18 1 0
github.com/julienstroheker/go-cosmosdb/pkg/gencosmosdb/cosmosdb/cosmosdb.go:125.16,127.3 1 0
github.com/julienstroheker/go-cosmosdb/pkg/gencosmosdb/cosmosdb/cosmosdb.go:129.15,132.17 3 0
github.com/julienstroheker/go-cosmosdb/pkg/gencosmosdb/cosmosdb/cosmosdb.go:135.3,136.53 2 0
github.com/julienstroheker/go-cosmosdb/pkg/gencosmosdb/cosmosdb/cosmosdb.go:132.17,134.4 1 0
github.com/julienstroheker/go-cosmosdb/pkg/gencosmosdb/cosmosdb/cosmosdb.go:139.28,141.3 1 0
github.com/julienstroheker/go-cosmosdb/pkg/gencosmosdb/cosmosdb/cosmosdb.go:146.25,148.3 1 0
github.com/julienstroheker/go-cosmosdb/pkg/gencosmosdb/cosmosdb/cosmosdb.go:150.16,152.3 1 0
github.com/julienstroheker/go-cosmosdb/pkg/gencosmosdb/cosmosdb/cosmosdb.go:155.16,157.3 1 0
github.com/julienstroheker/go-cosmosdb/pkg/gencosmosdb/cosmosdb/cosmosdb.go:158.15,161.3 2 0
github.com/julienstroheker/go-cosmosdb/pkg/gencosmosdb/cosmosdb/cosmosdb.go:165.43,167.60 2 0
github.com/julienstroheker/go-cosmosdb/pkg/gencosmosdb/cosmosdb/cosmosdb.go:170.3,171.19 2 0
github.com/julienstroheker/go-cosmosdb/pkg/gencosmosdb/cosmosdb/cosmosdb.go:167.60,169.4 1 0
github.com/julienstroheker/go-cosmosdb/pkg/gencosmosdb/cosmosdb/cosmosdb.go:174.73,176.3 1 0
github.com/julienstroheker/go-cosmosdb/pkg/gencosmosdb/cosmosdb/template_fake.go:20.69,27.2 1 0
github.com/julienstroheker/go-cosmosdb/pkg/gencosmosdb/cosmosdb/template_fake.go:49.50,54.2 3 0
github.com/julienstroheker/go-cosmosdb/pkg/gencosmosdb/cosmosdb/template_fake.go:58.70,63.2 3 0
github.com/julienstroheker/go-cosmosdb/pkg/gencosmosdb/cosmosdb/template_fake.go:67.106,72.2 3 0
github.com/julienstroheker/go-cosmosdb/pkg/gencosmosdb/cosmosdb/template_fake.go:75.104,80.2 3 0
github.com/julienstroheker/go-cosmosdb/pkg/gencosmosdb/cosmosdb/template_fake.go:83.96,88.2 3 0
github.com/julienstroheker/go-cosmosdb/pkg/gencosmosdb/cosmosdb/template_fake.go:90.86,93.16 3 0
github.com/julienstroheker/go-cosmosdb/pkg/gencosmosdb/cosmosdb/template_fake.go:97.2,99.16 3 0
github.com/julienstroheker/go-cosmosdb/pkg/gencosmosdb/cosmosdb/template_fake.go:103.2,103.22 1 0
github.com/julienstroheker/go-cosmosdb/pkg/gencosmosdb/cosmosdb/template_fake.go:93.16,95.3 1 0
github.com/julienstroheker/go-cosmosdb/pkg/gencosmosdb/cosmosdb/template_fake.go:99.16,101.3 1 0
github.com/julienstroheker/go-cosmosdb/pkg/gencosmosdb/cosmosdb/template_fake.go:106.158,110.18 3 0
github.com/julienstroheker/go-cosmosdb/pkg/gencosmosdb/cosmosdb/template_fake.go:114.2,115.16 2 0
github.com/julienstroheker/go-cosmosdb/pkg/gencosmosdb/cosmosdb/template_fake.go:119.2,119.20 1 0
github.com/julienstroheker/go-cosmosdb/pkg/gencosmosdb/cosmosdb/template_fake.go:126.2,127.24 2 0
github.com/julienstroheker/go-cosmosdb/pkg/gencosmosdb/cosmosdb/template_fake.go:133.2,133.15 1 0
github.com/julienstroheker/go-cosmosdb/pkg/gencosmosdb/cosmosdb/template_fake.go:143.2,143.30 1 0
github.com/julienstroheker/go-cosmosdb/pkg/gencosmosdb/cosmosdb/template_fake.go:154.2,159.29 4 0
github.com/julienstroheker/go-cosmosdb/pkg/gencosmosdb/cosmosdb/template_fake.go:110.18,112.3 1 0
github.com/julienstroheker/go-cosmosdb/pkg/gencosmosdb/cosmosdb/template_fake.go:115.16,117.3 1 0
github.com/julienstroheker/go-cosmosdb/pkg/gencosmosdb/cosmosdb/template_fake.go:119.20,121.17 2 0
github.com/julienstroheker/go-cosmosdb/pkg/gencosmosdb/cosmosdb/template_fake.go:121.17,123.4 1 0
github.com/julienstroheker/go-cosmosdb/pkg/gencosmosdb/cosmosdb/template_fake.go:127.24,132.3 1 0
github.com/julienstroheker/go-cosmosdb/pkg/gencosmosdb/cosmosdb/template_fake.go:133.15,134.14 1 0
github.com/julienstroheker/go-cosmosdb/pkg/gencosmosdb/cosmosdb/template_fake.go:138.3,138.45 1 0
github.com/julienstroheker/go-cosmosdb/pkg/gencosmosdb/cosmosdb/template_fake.go:134.14,136.4 1 0
github.com/julienstroheker/go-cosmosdb/pkg/gencosmosdb/cosmosdb/template_fake.go:138.45,140.4 1 0
github.com/julienstroheker/go-cosmosdb/pkg/gencosmosdb/cosmosdb/template_fake.go:143.30,144.47 1 0
github.com/julienstroheker/go-cosmosdb/pkg/gencosmosdb/cosmosdb/template_fake.go:144.47,145.52 1 0
github.com/julienstroheker/go-cosmosdb/pkg/gencosmosdb/cosmosdb/template_fake.go:145.52,150.5 1 0
github.com/julienstroheker/go-cosmosdb/pkg/gencosmosdb/cosmosdb/template_fake.go:163.144,165.2 1 0
github.com/julienstroheker/go-cosmosdb/pkg/gencosmosdb/cosmosdb/template_fake.go:168.167,171.2 1 0
github.com/julienstroheker/go-cosmosdb/pkg/gencosmosdb/cosmosdb/template_fake.go:174.145,176.2 1 0
github.com/julienstroheker/go-cosmosdb/pkg/gencosmosdb/cosmosdb/template_fake.go:179.62,183.18 3 0
github.com/julienstroheker/go-cosmosdb/pkg/gencosmosdb/cosmosdb/template_fake.go:187.2,188.39 2 0
github.com/julienstroheker/go-cosmosdb/pkg/gencosmosdb/cosmosdb/template_fake.go:196.2,196.21 1 0
github.com/julienstroheker/go-cosmosdb/pkg/gencosmosdb/cosmosdb/template_fake.go:200.2,200.46 1 0
github.com/julienstroheker/go-cosmosdb/pkg/gencosmosdb/cosmosdb/template_fake.go:183.18,185.3 1 0
github.com/julienstroheker/go-cosmosdb/pkg/gencosmosdb/cosmosdb/template_fake.go:188.39,190.17 2 0
github.com/julienstroheker/go-cosmosdb/pkg/gencosmosdb/cosmosdb/template_fake.go:193.3,193.42 1 0
github.com/julienstroheker/go-cosmosdb/pkg/gencosmosdb/cosmosdb/template_fake.go:190.17,192.4 1 0
github.com/julienstroheker/go-cosmosdb/pkg/gencosmosdb/cosmosdb/template_fake.go:196.21,198.3 1 0
github.com/julienstroheker/go-cosmosdb/pkg/gencosmosdb/cosmosdb/template_fake.go:204.101,207.2 2 0
github.com/julienstroheker/go-cosmosdb/pkg/gencosmosdb/cosmosdb/template_fake.go:210.128,214.18 3 0
github.com/julienstroheker/go-cosmosdb/pkg/gencosmosdb/cosmosdb/template_fake.go:218.2,219.13 2 0
github.com/julienstroheker/go-cosmosdb/pkg/gencosmosdb/cosmosdb/template_fake.go:223.2,223.29 1 0
github.com/julienstroheker/go-cosmosdb/pkg/gencosmosdb/cosmosdb/template_fake.go:214.18,216.3 1 0
github.com/julienstroheker/go-cosmosdb/pkg/gencosmosdb/cosmosdb/template_fake.go:219.13,221.3 1 0
github.com/julienstroheker/go-cosmosdb/pkg/gencosmosdb/cosmosdb/template_fake.go:227.127,231.18 3 0
github.com/julienstroheker/go-cosmosdb/pkg/gencosmosdb/cosmosdb/template_fake.go:235.2,236.13 2 0
github.com/julienstroheker/go-cosmosdb/pkg/gencosmosdb/cosmosdb/template_fake.go:240.2,241.12 2 0
github.com/julienstroheker/go-cosmosdb/pkg/gencosmosdb/cosmosdb/template_fake.go:231.18,233.3 1 0
github.com/julienstroheker/go-cosmosdb/pkg/gencosmosdb/cosmosdb/template_fake.go:236.13,238.3 1 0
github.com/julienstroheker/go-cosmosdb/pkg/gencosmosdb/cosmosdb/template_fake.go:245.68,249.18 3 0
github.com/julienstroheker/go-cosmosdb/pkg/gencosmosdb/cosmosdb/template_fake.go:253.2,253.62 1 0
github.com/julienstroheker/go-cosmosdb/pkg/gencosmosdb/cosmosdb/template_fake.go:249.18,251.3 1 0
github.com/julienstroheker/go-cosmosdb/pkg/gencosmosdb/cosmosdb/template_fake.go:256.118,257.50 1 0
github.com/julienstroheker/go-cosmosdb/pkg/gencosmosdb/cosmosdb/template_fake.go:270.2,270.12 1 0
github.com/julienstroheker/go-cosmosdb/pkg/gencosmosdb/cosmosdb/template_fake.go:257.50,258.78 1 0
github.com/julienstroheker/go-cosmosdb/pkg/gencosmosdb/cosmosdb/template_fake.go:258.78,262.18 4 0
github.com/julienstroheker/go-cosmosdb/pkg/gencosmosdb/cosmosdb/template_fake.go:262.18,264.5 1 0
github.com/julienstroheker/go-cosmosdb/pkg/gencosmosdb/cosmosdb/template_fake.go:265.9,267.4 1 0
github.com/julienstroheker/go-cosmosdb/pkg/gencosmosdb/cosmosdb/template_fake.go:274.101,278.18 3 0
github.com/julienstroheker/go-cosmosdb/pkg/gencosmosdb/cosmosdb/template_fake.go:282.2,282.71 1 0
github.com/julienstroheker/go-cosmosdb/pkg/gencosmosdb/cosmosdb/template_fake.go:289.2,289.62 1 0
github.com/julienstroheker/go-cosmosdb/pkg/gencosmosdb/cosmosdb/template_fake.go:278.18,280.3 1 0
github.com/julienstroheker/go-cosmosdb/pkg/gencosmosdb/cosmosdb/template_fake.go:282.71,287.3 4 0
github.com/julienstroheker/go-cosmosdb/pkg/gencosmosdb/cosmosdb/template_fake.go:293.137,296.2 2 0
github.com/julienstroheker/go-cosmosdb/pkg/gencosmosdb/cosmosdb/template_fake.go:298.95,300.2 1 0
github.com/julienstroheker/go-cosmosdb/pkg/gencosmosdb/cosmosdb/template_fake.go:308.102,310.2 1 0
github.com/julienstroheker/go-cosmosdb/pkg/gencosmosdb/cosmosdb/template_fake.go:312.100,313.12 1 0
github.com/julienstroheker/go-cosmosdb/pkg/gencosmosdb/cosmosdb/template_fake.go:317.2,318.24 2 0
github.com/julienstroheker/go-cosmosdb/pkg/gencosmosdb/cosmosdb/template_fake.go:332.2,335.8 1 0
github.com/julienstroheker/go-cosmosdb/pkg/gencosmosdb/cosmosdb/template_fake.go:313.12,315.3 1 0
github.com/julienstroheker/go-cosmosdb/pkg/gencosmosdb/cosmosdb/template_fake.go:318.24,322.3 3 0
github.com/julienstroheker/go-cosmosdb/pkg/gencosmosdb/cosmosdb/template_fake.go:322.8,324.29 2 0
github.com/julienstroheker/go-cosmosdb/pkg/gencosmosdb/cosmosdb/template_fake.go:327.3,329.34 3 0
github.com/julienstroheker/go-cosmosdb/pkg/gencosmosdb/cosmosdb/template_fake.go:324.29,326.4 1 0
github.com/julienstroheker/go-cosmosdb/pkg/gencosmosdb/cosmosdb/template_fake.go:338.54,339.40 1 0
github.com/julienstroheker/go-cosmosdb/pkg/gencosmosdb/cosmosdb/template_fake.go:342.2,342.42 1 0
github.com/julienstroheker/go-cosmosdb/pkg/gencosmosdb/cosmosdb/template_fake.go:339.40,341.3 1 0
github.com/julienstroheker/go-cosmosdb/pkg/gencosmosdb/cosmosdb/template_fake.go:347.72,349.2 1 0
github.com/julienstroheker/go-cosmosdb/pkg/gencosmosdb/cosmosdb/template_fake.go:355.111,357.2 1 0
github.com/julienstroheker/go-cosmosdb/pkg/gencosmosdb/cosmosdb/template_fake.go:359.92,361.2 1 0
github.com/julienstroheker/go-cosmosdb/pkg/gencosmosdb/cosmosdb/template_fake.go:363.65,365.2 1 0
github.com/julienstroheker/go-cosmosdb/pkg/gencosmosdb/cosmosdb/database.go:62.153,71.2 1 0
github.com/julienstroheker/go-cosmosdb/pkg/gencosmosdb/cosmosdb/database.go:73.91,76.6 2 0
github.com/julienstroheker/go-cosmosdb/pkg/gencosmosdb/cosmosdb/database.go:90.2,90.20 1 0
github.com/julienstroheker/go-cosmosdb/pkg/gencosmosdb/cosmosdb/database.go:76.6,78.17 2 0
github.com/julienstroheker/go-cosmosdb/pkg/gencosmosdb/cosmosdb/database.go:81.3,81.17 1 0
github.com/julienstroheker/go-cosmosdb/pkg/gencosmosdb/cosmosdb/database.go:85.3,87.64 3 0
github.com/julienstroheker/go-cosmosdb/pkg/gencosmosdb/cosmosdb/database.go:78.17,80.4 1 0
github.com/julienstroheker/go-cosmosdb/pkg/gencosmosdb/cosmosdb/database.go:81.17,82.9 1 0
github.com/julienstroheker/go-cosmosdb/pkg/gencosmosdb/cosmosdb/database.go:93.63,98.2 3 0
github.com/julienstroheker/go-cosmosdb/pkg/gencosmosdb/cosmosdb/database.go:100.97,103.2 2 0
github.com/julienstroheker/go-cosmosdb/pkg/gencosmosdb/cosmosdb/database.go:105.50,107.2 1 0
github.com/julienstroheker/go-cosmosdb/pkg/gencosmosdb/cosmosdb/database.go:109.75,111.2 1 0
github.com/julienstroheker/go-cosmosdb/pkg/gencosmosdb/cosmosdb/database.go:113.90,116.2 2 0
github.com/julienstroheker/go-cosmosdb/pkg/gencosmosdb/cosmosdb/database.go:118.74,119.19 1 0
github.com/julienstroheker/go-cosmosdb/pkg/gencosmosdb/cosmosdb/database.go:122.2,124.113 3 0
github.com/julienstroheker/go-cosmosdb/pkg/gencosmosdb/cosmosdb/database.go:119.19,121.3 1 0
github.com/julienstroheker/go-cosmosdb/pkg/gencosmosdb/cosmosdb/database.go:127.86,128.12 1 0
github.com/julienstroheker/go-cosmosdb/pkg/gencosmosdb/cosmosdb/database.go:132.2,133.26 2 0
github.com/julienstroheker/go-cosmosdb/pkg/gencosmosdb/cosmosdb/database.go:137.2,138.16 2 0
github.com/julienstroheker/go-cosmosdb/pkg/gencosmosdb/cosmosdb/database.go:142.2,145.8 3 0
github.com/julienstroheker/go-cosmosdb/pkg/gencosmosdb/cosmosdb/database.go:128.12,130.3 1 0
github.com/julienstroheker/go-cosmosdb/pkg/gencosmosdb/cosmosdb/database.go:133.26,135.3 1 0
github.com/julienstroheker/go-cosmosdb/pkg/gencosmosdb/cosmosdb/database.go:138.16,140.3 1 0
github.com/julienstroheker/go-cosmosdb/pkg/gencosmosdb/cosmosdb/template.go:66.78,71.2 1 0
github.com/julienstroheker/go-cosmosdb/pkg/gencosmosdb/cosmosdb/template.go:73.95,76.6 2 0
github.com/julienstroheker/go-cosmosdb/pkg/gencosmosdb/cosmosdb/template.go:90.2,90.26 1 0
github.com/julienstroheker/go-cosmosdb/pkg/gencosmosdb/cosmosdb/template.go:76.6,78.17 2 0
github.com/julienstroheker/go-cosmosdb/pkg/gencosmosdb/cosmosdb/template.go:81.3,81.23 1 0
github.com/julienstroheker/go-cosmosdb/pkg/gencosmosdb/cosmosdb/template.go:85.3,87.82 3 0
github.com/julienstroheker/go-cosmosdb/pkg/gencosmosdb/cosmosdb/template.go:78.17,80.4 1 0
github.com/julienstroheker/go-cosmosdb/pkg/gencosmosdb/cosmosdb/template.go:81.23,82.9 1 0
github.com/julienstroheker/go-cosmosdb/pkg/gencosmosdb/cosmosdb/template.go:93.156,97.20 3 0
github.com/julienstroheker/go-cosmosdb/pkg/gencosmosdb/cosmosdb/template.go:100.2,103.16 3 0
github.com/julienstroheker/go-cosmosdb/pkg/gencosmosdb/cosmosdb/template.go:107.2,108.8 2 0
github.com/julienstroheker/go-cosmosdb/pkg/gencosmosdb/cosmosdb/template.go:97.20,99.3 1 0
github.com/julienstroheker/go-cosmosdb/pkg/gencosmosdb/cosmosdb/template.go:103.16,105.3 1 0
github.com/julienstroheker/go-cosmosdb/pkg/gencosmosdb/cosmosdb/template.go:112.163,119.2 5 0
github.com/julienstroheker/go-cosmosdb/pkg/gencosmosdb/cosmosdb/template.go:121.66,123.20 2 0
github.com/julienstroheker/go-cosmosdb/pkg/gencosmosdb/cosmosdb/template.go:127.2,127.95 1 0
github.com/julienstroheker/go-cosmosdb/pkg/gencosmosdb/cosmosdb/template.go:123.20,125.3 1 0
github.com/julienstroheker/go-cosmosdb/pkg/gencosmosdb/cosmosdb/template.go:130.97,132.2 1 0
github.com/julienstroheker/go-cosmosdb/pkg/gencosmosdb/cosmosdb/template.go:134.138,139.16 4 0
github.com/julienstroheker/go-cosmosdb/pkg/gencosmosdb/cosmosdb/template.go:143.2,144.8 2 0
github.com/julienstroheker/go-cosmosdb/pkg/gencosmosdb/cosmosdb/template.go:139.16,141.3 1 0
github.com/julienstroheker/go-cosmosdb/pkg/gencosmosdb/cosmosdb/template.go:147.157,152.16 4 0
github.com/julienstroheker/go-cosmosdb/pkg/gencosmosdb/cosmosdb/template.go:156.2,157.8 2 0
github.com/julienstroheker/go-cosmosdb/pkg/gencosmosdb/cosmosdb/template.go:152.16,154.3 1 0
github.com/julienstroheker/go-cosmosdb/pkg/gencosmosdb/cosmosdb/template.go:160.129,165.16 4 0
github.com/julienstroheker/go-cosmosdb/pkg/gencosmosdb/cosmosdb/template.go:169.2,170.8 2 0
github.com/julienstroheker/go-cosmosdb/pkg/gencosmosdb/cosmosdb/template.go:165.16,167.3 1 0
github.com/julienstroheker/go-cosmosdb/pkg/gencosmosdb/cosmosdb/template.go:173.105,175.20 2 0
github.com/julienstroheker/go-cosmosdb/pkg/gencosmosdb/cosmosdb/template.go:179.2,179.138 1 0
github.com/julienstroheker/go-cosmosdb/pkg/gencosmosdb/cosmosdb/template.go:175.20,177.3 1 0
github.com/julienstroheker/go-cosmosdb/pkg/gencosmosdb/cosmosdb/template.go:182.133,184.2 1 0
github.com/julienstroheker/go-cosmosdb/pkg/gencosmosdb/cosmosdb/template.go:186.72,188.20 2 0
github.com/julienstroheker/go-cosmosdb/pkg/gencosmosdb/cosmosdb/template.go:192.2,192.101 1 0
github.com/julienstroheker/go-cosmosdb/pkg/gencosmosdb/cosmosdb/template.go:188.20,190.3 1 0
github.com/julienstroheker/go-cosmosdb/pkg/gencosmosdb/cosmosdb/template.go:195.106,196.20 1 0
github.com/julienstroheker/go-cosmosdb/pkg/gencosmosdb/cosmosdb/template.go:200.2,200.40 1 0
github.com/julienstroheker/go-cosmosdb/pkg/gencosmosdb/cosmosdb/template.go:206.2,206.34 1 0
github.com/julienstroheker/go-cosmosdb/pkg/gencosmosdb/cosmosdb/template.go:209.2,209.35 1 0
github.com/julienstroheker/go-cosmosdb/pkg/gencosmosdb/cosmosdb/template.go:212.2,212.42 1 0
github.com/julienstroheker/go-cosmosdb/pkg/gencosmosdb/cosmosdb/template.go:215.2,215.12 1 0
github.com/julienstroheker/go-cosmosdb/pkg/gencosmosdb/cosmosdb/template.go:196.20,198.3 1 0
github.com/julienstroheker/go-cosmosdb/pkg/gencosmosdb/cosmosdb/template.go:200.40,201.26 1 0
github.com/julienstroheker/go-cosmosdb/pkg/gencosmosdb/cosmosdb/template.go:204.3,204.41 1 0
github.com/julienstroheker/go-cosmosdb/pkg/gencosmosdb/cosmosdb/template.go:201.26,203.4 1 0
github.com/julienstroheker/go-cosmosdb/pkg/gencosmosdb/cosmosdb/template.go:206.34,208.3 1 0
github.com/julienstroheker/go-cosmosdb/pkg/gencosmosdb/cosmosdb/template.go:209.35,211.3 1 0
github.com/julienstroheker/go-cosmosdb/pkg/gencosmosdb/cosmosdb/template.go:212.42,214.3 1 0
github.com/julienstroheker/go-cosmosdb/pkg/gencosmosdb/cosmosdb/template.go:218.120,223.26 4 0
github.com/julienstroheker/go-cosmosdb/pkg/gencosmosdb/cosmosdb/template.go:227.2,228.16 2 0
github.com/julienstroheker/go-cosmosdb/pkg/gencosmosdb/cosmosdb/template.go:232.2,233.52 2 0
github.com/julienstroheker/go-cosmosdb/pkg/gencosmosdb/cosmosdb/template.go:236.2,236.16 1 0
github.com/julienstroheker/go-cosmosdb/pkg/gencosmosdb/cosmosdb/template.go:240.2,242.8 2 0
github.com/julienstroheker/go-cosmosdb/pkg/gencosmosdb/cosmosdb/template.go:223.26,225.3 1 0
github.com/julienstroheker/go-cosmosdb/pkg/gencosmosdb/cosmosdb/template.go:228.16,230.3 1 0
github.com/julienstroheker/go-cosmosdb/pkg/gencosmosdb/cosmosdb/template.go:233.52,235.3 1 0
github.com/julienstroheker/go-cosmosdb/pkg/gencosmosdb/cosmosdb/template.go:236.16,238.3 1 0
github.com/julienstroheker/go-cosmosdb/pkg/gencosmosdb/cosmosdb/template.go:245.60,247.2 1 0
github.com/julienstroheker/go-cosmosdb/pkg/gencosmosdb/cosmosdb/template.go:249.114,250.12 1 0
github.com/julienstroheker/go-cosmosdb/pkg/gencosmosdb/cosmosdb/template.go:254.2,256.26 3 0
github.com/julienstroheker/go-cosmosdb/pkg/gencosmosdb/cosmosdb/template.go:260.2,261.16 2 0
github.com/julienstroheker/go-cosmosdb/pkg/gencosmosdb/cosmosdb/template.go:265.2,266.16 2 0
github.com/julienstroheker/go-cosmosdb/pkg/gencosmosdb/cosmosdb/template.go:270.2,273.8 3 0
github.com/julienstroheker/go-cosmosdb/pkg/gencosmosdb/cosmosdb/template.go:250.12,252.3 1 0
github.com/julienstroheker/go-cosmosdb/pkg/gencosmosdb/cosmosdb/template.go:256.26,258.3 1 0
github.com/julienstroheker/go-cosmosdb/pkg/gencosmosdb/cosmosdb/template.go:261.16,263.3 1 0
github.com/julienstroheker/go-cosmosdb/pkg/gencosmosdb/cosmosdb/template.go:266.16,268.3 1 0
github.com/julienstroheker/go-cosmosdb/pkg/gencosmosdb/cosmosdb/template.go:276.54,278.2 1 0
github.com/julienstroheker/go-cosmosdb/pkg/gencosmosdb/cosmosdb/template.go:280.115,283.2 2 0
github.com/julienstroheker/go-cosmosdb/pkg/gencosmosdb/cosmosdb/template.go:285.109,286.12 1 0
github.com/julienstroheker/go-cosmosdb/pkg/gencosmosdb/cosmosdb/template.go:290.2,294.26 5 0
github.com/julienstroheker/go-cosmosdb/pkg/gencosmosdb/cosmosdb/template.go:299.2,299.26 1 0
github.com/julienstroheker/go-cosmosdb/pkg/gencosmosdb/cosmosdb/template.go:303.2,304.16 2 0
github.com/julienstroheker/go-cosmosdb/pkg/gencosmosdb/cosmosdb/template.go:308.2,309.16 2 0
github.com/julienstroheker/go-cosmosdb/pkg/gencosmosdb/cosmosdb/template.go:313.2,316.8 3 0
github.com/julienstroheker/go-cosmosdb/pkg/gencosmosdb/cosmosdb/template.go:286.12,288.3 1 0
github.com/julienstroheker/go-cosmosdb/pkg/gencosmosdb/cosmosdb/template.go:294.26,296.3 1 0
github.com/julienstroheker/go-cosmosdb/pkg/gencosmosdb/cosmosdb/template.go:296.8,298.3 1 0
github.com/julienstroheker/go-cosmosdb/pkg/gencosmosdb/cosmosdb/template.go:299.26,301.3 1 0
github.com/julienstroheker/go-cosmosdb/pkg/gencosmosdb/cosmosdb/template.go:304.16,306.3 1 0
github.com/julienstroheker/go-cosmosdb/pkg/gencosmosdb/cosmosdb/template.go:309.16,311.3 1 0
github.com/julienstroheker/go-cosmosdb/pkg/gencosmosdb/cosmosdb/template.go:319.55,321.2 1 0
